<?xml version="1.0" encoding="UTF-8"?>
<!-- Generated by org.testng.reporters.JUnitReportReporter -->
<testsuite skipped="0" hostname="Macbook-pro.local" name="com.test.reports.Test2" tests="3" failures="0" timestamp="13 Apr 2017 11:42:57 GMT" time="0.008" errors="0">
  <testcase name="system6" time="0.003" classname="com.test.reports.Test2"/>
  <testcase name="system5" time="0.002" classname="com.test.reports.Test2"/>
  <testcase name="system4" time="0.003" classname="com.test.reports.Test2"/>
</testsuite> <!-- com.test.reports.Test2 -->
