<?xml version="1.0" encoding="UTF-8"?>
<!-- Generated by org.testng.reporters.JUnitReportReporter -->
<testsuite skipped="0" hostname="Macbook-pro.local" name="test.TestExtentReport" tests="4" failures="0" timestamp="05 Jun 2017 07:14:37 GMT" time="45.353" errors="0">
  <testcase name="verifyLoginElements" time="0.015" classname="test.TestExtentReport"/>
  <testcase name="loginToApp" time="23.155" classname="test.TestExtentReport"/>
  <testcase name="verifyMyCourse" time="5.002" classname="test.TestExtentReport"/>
  <testcase name="verifyLogout" time="17.181" classname="test.TestExtentReport"/>
</testsuite> <!-- test.TestExtentReport -->
