<?xml version="1.0" encoding="UTF-8"?>
<!-- Generated by org.testng.reporters.JUnitReportReporter -->
<testsuite skipped="0" hostname="Macbook-pro.local" name="com.test.appiumframework.Runner2" tests="1" failures="0" timestamp="30 Mar 2017 12:56:16 GMT" time="10.715" errors="0">
  <testcase name="run" time="10.715" classname="com.test.appiumframework.Runner2"/>
</testsuite> <!-- com.test.appiumframework.Runner2 -->
