<?xml version="1.0" encoding="UTF-8"?>
<!-- Generated by org.testng.reporters.JUnitReportReporter -->
<testsuite skipped="0" hostname="Macbook-pro.local" name="test.TestExtentReport1" tests="4" failures="0" timestamp="05 Jun 2017 09:41:22 GMT" time="45.224" errors="0">
  <testcase name="verifyLoginElements" time="0.053" classname="test.TestExtentReport1"/>
  <testcase name="loginToApp" time="21.270" classname="test.TestExtentReport1"/>
  <testcase name="verifyMyCourse" time="5.003" classname="test.TestExtentReport1"/>
  <testcase name="verifyLogout" time="18.898" classname="test.TestExtentReport1"/>
</testsuite> <!-- test.TestExtentReport1 -->
