<?xml version="1.0" encoding="UTF-8"?>
<!-- Generated by org.testng.reporters.JUnitReportReporter -->
<testsuite skipped="0" hostname="MacBook-Pro-3.local" name="core.ADB" tests="1" failures="0" timestamp="9 Dec 2016 08:09:12 GMT" time="0.192" errors="0">
  <testcase name="test2" time="0.192" classname="core.ADB"/>
</testsuite> <!-- core.ADB -->
