<?xml version="1.0" encoding="UTF-8"?>
<!-- Generated by org.testng.reporters.JUnitReportReporter -->
<testsuite skipped="0" hostname="Macbook-pro.local" name="com.test.reports.Test1" tests="3" failures="0" timestamp="13 Apr 2017 11:42:57 GMT" time="0.020" errors="0">
  <testcase name="system3" time="0.003" classname="com.test.reports.Test1"/>
  <testcase name="system2" time="0.002" classname="com.test.reports.Test1"/>
  <testcase name="system1" time="0.015" classname="com.test.reports.Test1"/>
</testsuite> <!-- com.test.reports.Test1 -->
